<?xml version="1.0" encoding="UTF-8"?>
<!-- Generated by org.testng.reporters.JUnitXMLReporter -->
<testsuite ignored="0" hostname="DESKTOP-JC941S9" failures="0" tests="5" name="Command line test" time="0.523" errors="0" timestamp="2021-10-08T07:25:04 COT">
  <testcase classname="test.TestGeneral" name="consultarProductosFiltro" time="0.394"/>
  <testcase classname="test.TestGeneral" name="verificarCargaProductos" time="0.024"/>
  <testcase classname="test.TestGeneral" name="verificarCargaTipoProductos" time="0.024"/>
  <testcase classname="test.TestGeneral" name="verificarCargaUnidMedidas" time="0.021"/>
  <testcase classname="test.TestGeneral" name="verificarConexion" time="0.023"/>
</testsuite> <!-- Command line test -->
