<?xml version="1.0" encoding="UTF-8"?>
<!-- Generated by org.testng.reporters.JUnitXMLReporter -->
<testsuite ignored="0" hostname="DESKTOP-JC941S9" failures="0" tests="5" name="Command line test" time="0.478" errors="0" timestamp="2021-10-06T10:09:06 COT">
  <testcase classname="test.TestGeneral" name="consultarProductosFiltro" time="0.357"/>
  <testcase classname="test.TestGeneral" name="verificarCargaProductos" time="0.026"/>
  <testcase classname="test.TestGeneral" name="verificarCargaTipoProductos" time="0.023"/>
  <testcase classname="test.TestGeneral" name="verificarCargaUnidMedidas" time="0.023"/>
  <testcase classname="test.TestGeneral" name="verificarConexion" time="0.018"/>
</testsuite> <!-- Command line test -->
