<?xml version="1.0" encoding="UTF-8"?>
<testng-results ignored="0" total="2" passed="2" failed="0" skipped="0">
  <reporter-output>
  </reporter-output>
  <suite started-at="2021-09-17T13:17:41 COT" name="test.TestGeneral" finished-at="2021-09-17T13:17:41 COT" duration-ms="403">
    <groups>
    </groups>
    <test started-at="2021-09-17T13:17:41 COT" name="Command line test" finished-at="2021-09-17T13:17:41 COT" duration-ms="403">
      <class name="test.TestGeneral">
        <test-method signature="verificarCargaProductos()[pri:0, instance:test.TestGeneral@6a192cfe]" started-at="2021-09-17T13:17:41 COT" name="verificarCargaProductos" finished-at="2021-09-17T13:17:41 COT" duration-ms="349" status="PASS">
          <reporter-output>
          </reporter-output>
        </test-method> <!-- verificarCargaProductos -->
        <test-method signature="verificarConexion()[pri:0, instance:test.TestGeneral@6a192cfe]" started-at="2021-09-17T13:17:41 COT" name="verificarConexion" finished-at="2021-09-17T13:17:41 COT" duration-ms="25" status="PASS">
          <reporter-output>
          </reporter-output>
        </test-method> <!-- verificarConexion -->
      </class> <!-- test.TestGeneral -->
    </test> <!-- Command line test -->
  </suite> <!-- test.TestGeneral -->
</testng-results>
