<?xml version="1.0" encoding="UTF-8" ?>
<testsuite tests="5" failures="0" name="test.TestGeneral" time="0.449" errors="0" skipped="0">
  <properties>
[...]
</properties>
  <testcase classname="test.TestGeneral" name="consultarProductosFiltro" time="0.359"/>
  <testcase classname="test.TestGeneral" name="verificarCargaProductos" time="0.025"/>
  <testcase classname="test.TestGeneral" name="verificarCargaTipoProductos" time="0.024"/>
  <testcase classname="test.TestGeneral" name="verificarCargaUnidMedidas" time="0.023"/>
  <testcase classname="test.TestGeneral" name="verificarConexion" time="0.018"/>
</testsuite>